signal time=1566698839.933978 sender=org.freedesktop.DBus -> destination=:1.102 serial=2 path=/org/freedesktop/DBus; interface=org.freedesktop.DBus; member=NameAcquired
   string ":1.102"
signal time=1566698839.934016 sender=org.freedesktop.DBus -> destination=:1.102 serial=4 path=/org/freedesktop/DBus; interface=org.freedesktop.DBus; member=NameLost
   string ":1.102"
signal time=1566698840.224542 sender=:1.2 -> destination=(null destination) serial=675 path=/StatusNotifierItem; interface=org.kde.StatusNotifierItem; member=NewIcon
signal time=1566698840.224631 sender=:1.2 -> destination=(null destination) serial=676 path=/StatusNotifierItem; interface=org.kde.StatusNotifierItem; member=NewToolTip
signal time=1566698840.225765 sender=:1.2 -> destination=(null destination) serial=677 path=/StatusNotifierItem; interface=org.kde.StatusNotifierItem; member=NewIcon
signal time=1566698840.226029 sender=:1.2 -> destination=(null destination) serial=678 path=/StatusNotifierItem; interface=org.kde.StatusNotifierItem; member=NewToolTip
signal time=1566698840.226360 sender=:1.2 -> destination=(null destination) serial=679 path=/StatusNotifierItem; interface=org.kde.StatusNotifierItem; member=NewIcon
signal time=1566698840.226562 sender=:1.2 -> destination=(null destination) serial=680 path=/StatusNotifierItem; interface=org.kde.StatusNotifierItem; member=NewToolTip
method call time=1566698841.237195 sender=:1.103 -> destination=org.freedesktop.DBus serial=1 path=/org/freedesktop/DBus; interface=org.freedesktop.DBus; member=Hello
method return time=1566698841.237215 sender=org.freedesktop.DBus -> destination=:1.103 serial=1 reply_serial=1
   string ":1.103"
signal time=1566698841.237223 sender=org.freedesktop.DBus -> destination=(null destination) serial=197 path=/org/freedesktop/DBus; interface=org.freedesktop.DBus; member=NameOwnerChanged
   string ":1.103"
   string ""
   string ":1.103"
signal time=1566698841.237234 sender=org.freedesktop.DBus -> destination=:1.103 serial=2 path=/org/freedesktop/DBus; interface=org.freedesktop.DBus; member=NameAcquired
   string ":1.103"
method call time=1566698841.237512 sender=:1.103 -> destination=org.freedesktop.DBus serial=2 path=/org/freedesktop/DBus; interface=org.freedesktop.DBus; member=RequestName
   string "org.mpris.MediaPlayer2.nodejs"
   uint32 4
signal time=1566698841.237528 sender=org.freedesktop.DBus -> destination=(null destination) serial=198 path=/org/freedesktop/DBus; interface=org.freedesktop.DBus; member=NameOwnerChanged
   string "org.mpris.MediaPlayer2.nodejs"
   string ""
   string ":1.103"
signal time=1566698841.237538 sender=org.freedesktop.DBus -> destination=:1.103 serial=3 path=/org/freedesktop/DBus; interface=org.freedesktop.DBus; member=NameAcquired
   string "org.mpris.MediaPlayer2.nodejs"
method return time=1566698841.237545 sender=org.freedesktop.DBus -> destination=:1.103 serial=4 reply_serial=2
   uint32 1
method call time=1566698841.237868 sender=:1.20 -> destination=org.freedesktop.DBus serial=396 path=/org/freedesktop/DBus; interface=org.freedesktop.DBus; member=AddMatch
   string "type='signal',sender='org.freedesktop.DBus',interface='org.freedesktop.DBus',member='NameOwnerChanged',arg0='org.mpris.MediaPlayer2.nodejs'"
method call time=1566698841.237882 sender=:1.20 -> destination=org.freedesktop.DBus serial=397 path=/org/freedesktop/DBus; interface=org.freedesktop.DBus; member=GetNameOwner
   string "org.mpris.MediaPlayer2.nodejs"
method return time=1566698841.237889 sender=org.freedesktop.DBus -> destination=:1.20 serial=70 reply_serial=397
   string ":1.103"
method call time=1566698841.237895 sender=:1.24 -> destination=org.freedesktop.DBus serial=59 path=/org/freedesktop/DBus; interface=org.freedesktop.DBus; member=GetNameOwner
   string "org.mpris.MediaPlayer2.nodejs"
method return time=1566698841.237901 sender=org.freedesktop.DBus -> destination=:1.24 serial=24 reply_serial=59
   string ":1.103"
method call time=1566698841.237943 sender=:1.20 -> destination=org.mpris.MediaPlayer2.nodejs serial=398 path=/org/mpris/MediaPlayer2; interface=org.freedesktop.DBus.Properties; member=Get
   string "org.mpris.MediaPlayer2"
   string "Identity"
method call time=1566698841.238109 sender=:1.24 -> destination=:1.103 serial=60 path=/org/mpris/MediaPlayer2; interface=org.freedesktop.DBus.Introspectable; member=Introspect
method return time=1566698841.241773 sender=:1.103 -> destination=:1.20 serial=3 reply_serial=398
   variant       string "Node.js media player"
method call time=1566698841.241974 sender=:1.20 -> destination=org.freedesktop.DBus serial=399 path=/org/freedesktop/DBus; interface=org.freedesktop.DBus; member=GetNameOwner
   string "org.mpris.MediaPlayer2.nodejs"
method return time=1566698841.241987 sender=org.freedesktop.DBus -> destination=:1.20 serial=71 reply_serial=399
   string ":1.103"
method call time=1566698841.242088 sender=:1.20 -> destination=org.freedesktop.DBus serial=400 path=/org/freedesktop/DBus; interface=org.freedesktop.DBus; member=GetNameOwner
   string "org.mpris.MediaPlayer2.nodejs"
method return time=1566698841.242098 sender=org.freedesktop.DBus -> destination=:1.20 serial=72 reply_serial=400
   string ":1.103"
method call time=1566698841.242186 sender=:1.20 -> destination=org.freedesktop.DBus serial=401 path=/org/freedesktop/DBus; interface=org.freedesktop.DBus; member=AddMatch
   string "type='signal',sender='org.mpris.MediaPlayer2.nodejs',path='/org/mpris/MediaPlayer2',interface='org.freedesktop.DBus.Properties',member='PropertiesChanged'"
method call time=1566698841.242197 sender=:1.20 -> destination=org.freedesktop.DBus serial=402 path=/org/freedesktop/DBus; interface=org.freedesktop.DBus; member=AddMatch
   string "type='signal',sender='org.freedesktop.DBus',interface='org.freedesktop.DBus',member='NameOwnerChanged',arg0='org.mpris.MediaPlayer2.nodejs'"
method call time=1566698841.242221 sender=:1.20 -> destination=org.freedesktop.DBus serial=403 path=/org/freedesktop/DBus; interface=org.freedesktop.DBus; member=GetNameOwner
   string "org.mpris.MediaPlayer2.nodejs"
method return time=1566698841.242229 sender=org.freedesktop.DBus -> destination=:1.20 serial=73 reply_serial=403
   string ":1.103"
method call time=1566698841.242291 sender=:1.20 -> destination=org.freedesktop.DBus serial=404 path=/org/freedesktop/DBus; interface=org.freedesktop.DBus; member=AddMatch
   string "type='signal',sender='org.mpris.MediaPlayer2.nodejs',path='/org/mpris/MediaPlayer2',interface='org.mpris.MediaPlayer2.Player',member='Seeked'"
method return time=1566698841.245098 sender=:1.103 -> destination=:1.24 serial=4 reply_serial=60
   string "<!DOCTYPE node PUBLIC "-//freedesktop//DTD D-BUS Object Introspection 1.0//EN" "http://www.freedesktop.org/standards/dbus/1.0/introspect.dtd">
<node>
  <interface name="org.freedesktop.DBus.Introspectable">
    <method name="Introspect">
      <arg name="data" direction="out" type="s"/>
    </method>
  </interface>
  <interface name="org.freedesktop.DBus.Peer">
    <method name="GetMachineId">
      <arg direction="out" name="machine_uuid" type="s"/>
    </method>
    <method name="Ping"/>
  </interface>
  <interface name="org.freedesktop.DBus.Properties">
    <method name="Get">
      <arg direction="in" type="s"/>
      <arg direction="in" type="s"/>
      <arg direction="out" type="v"/>
    </method>
    <method name="Set">
      <arg direction="in" type="s"/>
      <arg direction="in" type="s"/>
      <arg direction="in" type="v"/>
    </method>
    <method name="GetAll">
      <arg direction="in" type="s"/>
      <arg direction="out" type="a{sv}"/>
    </method>
    <signal name="PropertiesChanged">
      <arg type="s"/>
      <arg type="a{sv}"/>
      <arg type="as"/>
    </signal>
  </interface>
  <interface name="org.mpris.MediaPlayer2">
    <property name="CanQuit" type="b" access="read"/>
    <property name="Fullscreen" type="b" access="readwrite"/>
    <property name="CanSetFullscreen" type="b" access="read"/>
    <property name="CanRaise" type="b" access="read"/>
    <property name="HasTrackList" type="b" access="read"/>
    <property name="Identity" type="s" access="read"/>
    <property name="DesktopEntry" type="s" access="read"/>
    <property name="SupportedUriSchemes" type="as" access="read"/>
    <property name="SupportedMimeTypes" type="as" access="read"/>
    <method name="Raise"/>
    <method name="Quit"/>
  </interface>
  <interface name="org.mpris.MediaPlayer2.Player">
    <property name="CanControl" type="b" access="read"/>
    <property name="CanPause" type="b" access="read"/>
    <property name="CanPlay" type="b" access="read"/>
    <property name="CanSeek" type="b" access="read"/>
    <property name="CanGoNext" type="b" access="read"/>
    <property name="CanGoPrevious" type="b" access="read"/>
    <property name="Metadata" type="a{sv}" access="read"/>
    <property name="MaximumRate" type="d" access="read"/>
    <property name="MinimumRate" type="d" access="read"/>
    <property name="Rate" type="d" access="readwrite"/>
    <property name="Shuffle" type="b" access="readwrite"/>
    <property name="Volume" type="d" access="readwrite"/>
    <property name="Position" type="x" access="read"/>
    <property name="LoopStatus" type="s" access="readwrite"/>
    <property name="PlaybackStatus" type="s" access="read"/>
    <method name="Next"/>
    <method name="Previous"/>
    <method name="Pause"/>
    <method name="PlayPause"/>
    <method name="Stop"/>
    <method name="Play"/>
    <method name="Seek">
      <arg direction="in" type="x"/>
    </method>
    <method name="SetPosition">
      <arg direction="in" type="o"/>
      <arg direction="in" type="x"/>
    </method>
    <method name="OpenUri">
      <arg direction="in" type="s"/>
    </method>
    <signal name="Seeked">
      <arg type="x"/>
    </signal>
  </interface>
</node>"
method call time=1566698841.245383 sender=:1.24 -> destination=:1.103 serial=61 path=/org/mpris/MediaPlayer2; interface=org.freedesktop.DBus.Properties; member=Get
   string "org.mpris.MediaPlayer2.Player"
   string "PlaybackStatus"
method return time=1566698841.246075 sender=:1.103 -> destination=:1.24 serial=5 reply_serial=61
   variant       string "Stopped"
method call time=1566698841.246300 sender=:1.24 -> destination=:1.103 serial=62 path=/org/mpris/MediaPlayer2; interface=org.freedesktop.DBus.Properties; member=Get
   string "org.mpris.MediaPlayer2.Player"
   string "Metadata"
method return time=1566698841.246956 sender=:1.103 -> destination=:1.24 serial=6 reply_serial=62
   variant       array [
      ]
method call time=1566698841.247231 sender=:1.24 -> destination=:1.103 serial=63 path=/org/mpris/MediaPlayer2; interface=org.freedesktop.DBus.Introspectable; member=Introspect
method return time=1566698841.248477 sender=:1.103 -> destination=:1.24 serial=7 reply_serial=63
   string "<!DOCTYPE node PUBLIC "-//freedesktop//DTD D-BUS Object Introspection 1.0//EN" "http://www.freedesktop.org/standards/dbus/1.0/introspect.dtd">
<node>
  <interface name="org.freedesktop.DBus.Introspectable">
    <method name="Introspect">
      <arg name="data" direction="out" type="s"/>
    </method>
  </interface>
  <interface name="org.freedesktop.DBus.Peer">
    <method name="GetMachineId">
      <arg direction="out" name="machine_uuid" type="s"/>
    </method>
    <method name="Ping"/>
  </interface>
  <interface name="org.freedesktop.DBus.Properties">
    <method name="Get">
      <arg direction="in" type="s"/>
      <arg direction="in" type="s"/>
      <arg direction="out" type="v"/>
    </method>
    <method name="Set">
      <arg direction="in" type="s"/>
      <arg direction="in" type="s"/>
      <arg direction="in" type="v"/>
    </method>
    <method name="GetAll">
      <arg direction="in" type="s"/>
      <arg direction="out" type="a{sv}"/>
    </method>
    <signal name="PropertiesChanged">
      <arg type="s"/>
      <arg type="a{sv}"/>
      <arg type="as"/>
    </signal>
  </interface>
  <interface name="org.mpris.MediaPlayer2">
    <property name="CanQuit" type="b" access="read"/>
    <property name="Fullscreen" type="b" access="readwrite"/>
    <property name="CanSetFullscreen" type="b" access="read"/>
    <property name="CanRaise" type="b" access="read"/>
    <property name="HasTrackList" type="b" access="read"/>
    <property name="Identity" type="s" access="read"/>
    <property name="DesktopEntry" type="s" access="read"/>
    <property name="SupportedUriSchemes" type="as" access="read"/>
    <property name="SupportedMimeTypes" type="as" access="read"/>
    <method name="Raise"/>
    <method name="Quit"/>
  </interface>
  <interface name="org.mpris.MediaPlayer2.Player">
    <property name="CanControl" type="b" access="read"/>
    <property name="CanPause" type="b" access="read"/>
    <property name="CanPlay" type="b" access="read"/>
    <property name="CanSeek" type="b" access="read"/>
    <property name="CanGoNext" type="b" access="read"/>
    <property name="CanGoPrevious" type="b" access="read"/>
    <property name="Metadata" type="a{sv}" access="read"/>
    <property name="MaximumRate" type="d" access="read"/>
    <property name="MinimumRate" type="d" access="read"/>
    <property name="Rate" type="d" access="readwrite"/>
    <property name="Shuffle" type="b" access="readwrite"/>
    <property name="Volume" type="d" access="readwrite"/>
    <property name="Position" type="x" access="read"/>
    <property name="LoopStatus" type="s" access="readwrite"/>
    <property name="PlaybackStatus" type="s" access="read"/>
    <method name="Next"/>
    <method name="Previous"/>
    <method name="Pause"/>
    <method name="PlayPause"/>
    <method name="Stop"/>
    <method name="Play"/>
    <method name="Seek">
      <arg direction="in" type="x"/>
    </method>
    <method name="SetPosition">
      <arg direction="in" type="o"/>
      <arg direction="in" type="x"/>
    </method>
    <method name="OpenUri">
      <arg direction="in" type="s"/>
    </method>
    <signal name="Seeked">
      <arg type="x"/>
    </signal>
  </interface>
</node>"
method call time=1566698841.248751 sender=:1.24 -> destination=org.freedesktop.DBus serial=64 path=/org/freedesktop/DBus; interface=org.freedesktop.DBus; member=AddMatch
   string "type='signal',sender='org.freedesktop.DBus',path='/org/freedesktop/DBus',interface='org.freedesktop.DBus',member='NameOwnerChanged',arg0=':1.103'"
method return time=1566698841.248761 sender=org.freedesktop.DBus -> destination=:1.24 serial=25 reply_serial=64
method call time=1566698841.248947 sender=:1.24 -> destination=org.freedesktop.DBus serial=65 path=/org/freedesktop/DBus; interface=org.freedesktop.DBus; member=GetNameOwner
   string ":1.103"
method return time=1566698841.248961 sender=org.freedesktop.DBus -> destination=:1.24 serial=26 reply_serial=65
   string ":1.103"
method call time=1566698841.248981 sender=:1.24 -> destination=org.freedesktop.DBus serial=66 path=/org/freedesktop/DBus; interface=org.freedesktop.DBus; member=AddMatch
   string "type='signal',sender=':1.103',path='/org/mpris/MediaPlayer2',interface='org.freedesktop.DBus.Properties',member='PropertiesChanged'"
method return time=1566698841.248986 sender=org.freedesktop.DBus -> destination=:1.24 serial=27 reply_serial=66
method call time=1566698841.523612 sender=:1.20 -> destination=org.mpris.MediaPlayer2.nodejs serial=405 path=/org/mpris/MediaPlayer2; interface=org.freedesktop.DBus.Properties; member=Get
   string "org.mpris.MediaPlayer2.Player"
   string "Metadata"
method return time=1566698841.527006 sender=:1.103 -> destination=:1.20 serial=8 reply_serial=405
   variant       array [
      ]
method call time=1566698841.527880 sender=:1.20 -> destination=org.mpris.MediaPlayer2.nodejs serial=406 path=/org/mpris/MediaPlayer2; interface=org.freedesktop.DBus.Properties; member=Get
   string "org.mpris.MediaPlayer2.Player"
   string "Position"
method return time=1566698841.533413 sender=:1.103 -> destination=:1.20 serial=9 reply_serial=406
   variant       int64 0
method call time=1566698841.534255 sender=:1.20 -> destination=org.mpris.MediaPlayer2.nodejs serial=407 path=/org/mpris/MediaPlayer2; interface=org.freedesktop.DBus.Properties; member=Get
   string "org.mpris.MediaPlayer2.Player"
   string "PlaybackStatus"
method return time=1566698841.536771 sender=:1.103 -> destination=:1.20 serial=10 reply_serial=407
   variant       string "Stopped"
method call time=1566698841.537603 sender=:1.20 -> destination=org.mpris.MediaPlayer2.nodejs serial=408 path=/org/mpris/MediaPlayer2; interface=org.freedesktop.DBus.Properties; member=Get
   string "org.mpris.MediaPlayer2.Player"
   string "CanPause"
method return time=1566698841.540553 sender=:1.103 -> destination=:1.20 serial=11 reply_serial=408
   variant       boolean true
method call time=1566698841.541281 sender=:1.20 -> destination=org.mpris.MediaPlayer2.nodejs serial=409 path=/org/mpris/MediaPlayer2; interface=org.freedesktop.DBus.Properties; member=Get
   string "org.mpris.MediaPlayer2.Player"
   string "CanPlay"
method return time=1566698841.543470 sender=:1.103 -> destination=:1.20 serial=12 reply_serial=409
   variant       boolean true
method call time=1566698841.544141 sender=:1.20 -> destination=org.mpris.MediaPlayer2.nodejs serial=410 path=/org/mpris/MediaPlayer2; interface=org.freedesktop.DBus.Properties; member=Get
   string "org.mpris.MediaPlayer2.Player"
   string "CanGoNext"
method return time=1566698841.546325 sender=:1.103 -> destination=:1.20 serial=13 reply_serial=410
   variant       boolean true
method call time=1566698841.547012 sender=:1.20 -> destination=org.mpris.MediaPlayer2.nodejs serial=411 path=/org/mpris/MediaPlayer2; interface=org.freedesktop.DBus.Properties; member=Get
   string "org.mpris.MediaPlayer2.Player"
   string "CanGoPrevious"
method return time=1566698841.548967 sender=:1.103 -> destination=:1.20 serial=14 reply_serial=411
   variant       boolean true
method call time=1566698841.549641 sender=:1.20 -> destination=org.mpris.MediaPlayer2.nodejs serial=412 path=/org/mpris/MediaPlayer2; interface=org.freedesktop.DBus.Properties; member=Get
   string "org.mpris.MediaPlayer2.Player"
   string "CanSeek"
method return time=1566698841.551975 sender=:1.103 -> destination=:1.20 serial=15 reply_serial=412
   variant       boolean true
method call time=1566698841.552604 sender=:1.20 -> destination=org.mpris.MediaPlayer2.nodejs serial=413 path=/org/mpris/MediaPlayer2; interface=org.freedesktop.DBus.Properties; member=Get
   string "org.mpris.MediaPlayer2.Player"
   string "Volume"
method return time=1566698841.555335 sender=:1.103 -> destination=:1.20 serial=16 reply_serial=413
   variant       double 0
signal time=1566698842.238059 sender=:1.103 -> destination=(null destination) serial=17 path=/org/mpris/MediaPlayer2; interface=org.freedesktop.DBus.Properties; member=PropertiesChanged
   string "org.mpris.MediaPlayer2.Player"
   array [
      dict entry(
         string "Metadata"
         variant             array [
               dict entry(
                  string "mpris:trackid"
                  variant                      object path "/org/node/mediaplayer/nodejs/track/0"
               )
               dict entry(
                  string "mpris:length"
                  variant                      int64 60000000
               )
               dict entry(
                  string "mpris:artUrl"
                  variant                      string "http://www.adele.tv/images/facebook/adele.jpg"
               )
               dict entry(
                  string "xesam:title"
                  variant                      string "Love Story"
               )
               dict entry(
                  string "xesam:album"
                  variant                      string "Secret"
               )
               dict entry(
                  string "xesam:artist"
                  variant                      array [
                        string "Taylor Swift"
                     ]
               )
            ]
      )
   ]
   array [
   ]
method call time=1566698842.238534 sender=:1.20 -> destination=org.mpris.MediaPlayer2.nodejs serial=414 path=/org/mpris/MediaPlayer2; interface=org.freedesktop.DBus.Properties; member=Get
   string "org.mpris.MediaPlayer2.Player"
   string "CanSeek"
signal time=1566698842.238799 sender=:1.103 -> destination=(null destination) serial=18 path=/org/mpris/MediaPlayer2; interface=org.freedesktop.DBus.Properties; member=PropertiesChanged
   string "org.mpris.MediaPlayer2.Player"
   array [
      dict entry(
         string "PlaybackStatus"
         variant             string "Playing"
      )
   ]
   array [
   ]
method return time=1566698842.241708 sender=:1.103 -> destination=:1.20 serial=19 reply_serial=414
   variant       boolean true
method call time=1566698842.242142 sender=:1.20 -> destination=org.mpris.MediaPlayer2.nodejs serial=415 path=/org/mpris/MediaPlayer2; interface=org.freedesktop.DBus.Properties; member=Get
   string "org.mpris.MediaPlayer2.Player"
   string "Position"
method return time=1566698842.242889 sender=:1.103 -> destination=:1.20 serial=20 reply_serial=415
   variant       int64 0
method call time=1566698842.243411 sender=:1.20 -> destination=org.mpris.MediaPlayer2.nodejs serial=416 path=/org/mpris/MediaPlayer2; interface=org.freedesktop.DBus.Properties; member=Get
   string "org.mpris.MediaPlayer2.Player"
   string "CanSeek"
method return time=1566698842.244133 sender=:1.103 -> destination=:1.20 serial=21 reply_serial=416
   variant       boolean true
method call time=1566698842.244568 sender=:1.20 -> destination=org.mpris.MediaPlayer2.nodejs serial=417 path=/org/mpris/MediaPlayer2; interface=org.freedesktop.DBus.Properties; member=Get
   string "org.mpris.MediaPlayer2.Player"
   string "Position"
method return time=1566698842.245297 sender=:1.103 -> destination=:1.20 serial=22 reply_serial=417
   variant       int64 0
signal time=1566698844.238574 sender=:1.103 -> destination=(null destination) serial=23 path=/org/mpris/MediaPlayer2; interface=org.freedesktop.DBus.Properties; member=PropertiesChanged
   string "org.mpris.MediaPlayer2.Player"
   array [
      dict entry(
         string "Metadata"
         variant             array [
               dict entry(
                  string "mpris:trackid"
                  variant                      object path "/org/node/mediaplayer/nodejs/track/0"
               )
               dict entry(
                  string "mpris:length"
                  variant                      int64 60000000
               )
               dict entry(
                  string "mpris:artUrl"
                  variant                      string "http://www.adele.tv/images/facebook/adele.jpg"
               )
               dict entry(
                  string "xesam:title"
                  variant                      string "Lolol"
               )
               dict entry(
                  string "xesam:album"
                  variant                      string "21"
               )
               dict entry(
                  string "xesam:artist"
                  variant                      array [
                        string "Adele"
                     ]
               )
            ]
      )
   ]
   array [
   ]
method call time=1566698844.239814 sender=:1.20 -> destination=org.mpris.MediaPlayer2.nodejs serial=418 path=/org/mpris/MediaPlayer2; interface=org.freedesktop.DBus.Properties; member=Get
   string "org.mpris.MediaPlayer2.Player"
   string "CanSeek"
method return time=1566698844.243107 sender=:1.103 -> destination=:1.20 serial=24 reply_serial=418
   variant       boolean true
method call time=1566698844.243527 sender=:1.20 -> destination=org.mpris.MediaPlayer2.nodejs serial=419 path=/org/mpris/MediaPlayer2; interface=org.freedesktop.DBus.Properties; member=Get
   string "org.mpris.MediaPlayer2.Player"
   string "Position"
method return time=1566698844.244166 sender=:1.103 -> destination=:1.20 serial=25 reply_serial=419
   variant       int64 0
signal time=1566698844.885397 sender=org.freedesktop.DBus -> destination=:1.103 serial=5 path=/org/freedesktop/DBus; interface=org.freedesktop.DBus; member=NameLost
   string "org.mpris.MediaPlayer2.nodejs"
signal time=1566698844.885515 sender=org.freedesktop.DBus -> destination=(null destination) serial=199 path=/org/freedesktop/DBus; interface=org.freedesktop.DBus; member=NameOwnerChanged
   string "org.mpris.MediaPlayer2.nodejs"
   string ":1.103"
   string ""
signal time=1566698844.885592 sender=org.freedesktop.DBus -> destination=:1.103 serial=6 path=/org/freedesktop/DBus; interface=org.freedesktop.DBus; member=NameLost
   string ":1.103"
signal time=1566698844.885681 sender=org.freedesktop.DBus -> destination=(null destination) serial=200 path=/org/freedesktop/DBus; interface=org.freedesktop.DBus; member=NameOwnerChanged
   string ":1.103"
   string ":1.103"
   string ""
method call time=1566698844.887729 sender=:1.24 -> destination=org.freedesktop.DBus serial=67 path=/org/freedesktop/DBus; interface=org.freedesktop.DBus; member=RemoveMatch
   string "type='signal',sender=':1.103',path='/org/mpris/MediaPlayer2',interface='org.freedesktop.DBus.Properties',member='PropertiesChanged'"
method return time=1566698844.887817 sender=org.freedesktop.DBus -> destination=:1.24 serial=28 reply_serial=67
method call time=1566698844.887846 sender=:1.24 -> destination=org.freedesktop.DBus serial=68 path=/org/freedesktop/DBus; interface=org.freedesktop.DBus; member=RemoveMatch
   string "type='signal',sender='org.freedesktop.DBus',path='/org/freedesktop/DBus',interface='org.freedesktop.DBus',member='NameOwnerChanged',arg0=':1.103'"
method return time=1566698844.887892 sender=org.freedesktop.DBus -> destination=:1.24 serial=29 reply_serial=68
method call time=1566698844.888142 sender=:1.20 -> destination=org.freedesktop.DBus serial=420 path=/org/freedesktop/DBus; interface=org.freedesktop.DBus; member=RemoveMatch
   string "type='signal',sender='org.mpris.MediaPlayer2.nodejs',path='/org/mpris/MediaPlayer2',interface='org.mpris.MediaPlayer2.Player',member='Seeked'"
method call time=1566698844.888613 sender=:1.20 -> destination=org.freedesktop.DBus serial=421 path=/org/freedesktop/DBus; interface=org.freedesktop.DBus; member=RemoveMatch
   string "type='signal',sender='org.mpris.MediaPlayer2.nodejs',path='/org/mpris/MediaPlayer2',interface='org.freedesktop.DBus.Properties',member='PropertiesChanged'"
method call time=1566698844.888690 sender=:1.20 -> destination=org.freedesktop.DBus serial=422 path=/org/freedesktop/DBus; interface=org.freedesktop.DBus; member=RemoveMatch
   string "type='signal',sender='org.freedesktop.DBus',interface='org.freedesktop.DBus',member='NameOwnerChanged',arg0='org.mpris.MediaPlayer2.nodejs'"
method call time=1566698844.888804 sender=:1.20 -> destination=org.freedesktop.DBus serial=423 path=/org/freedesktop/DBus; interface=org.freedesktop.DBus; member=RemoveMatch
   string "type='signal',sender='org.freedesktop.DBus',interface='org.freedesktop.DBus',member='NameOwnerChanged',arg0='org.mpris.MediaPlayer2.nodejs'"
signal time=1566698845.146637 sender=:1.2 -> destination=(null destination) serial=681 path=/StatusNotifierItem; interface=org.kde.StatusNotifierItem; member=NewIcon
signal time=1566698845.146728 sender=:1.2 -> destination=(null destination) serial=682 path=/StatusNotifierItem; interface=org.kde.StatusNotifierItem; member=NewToolTip
signal time=1566698845.147020 sender=:1.2 -> destination=(null destination) serial=683 path=/StatusNotifierItem; interface=org.kde.StatusNotifierItem; member=NewIcon
signal time=1566698845.147069 sender=:1.2 -> destination=(null destination) serial=684 path=/StatusNotifierItem; interface=org.kde.StatusNotifierItem; member=NewToolTip
signal time=1566698845.147197 sender=:1.2 -> destination=(null destination) serial=685 path=/StatusNotifierItem; interface=org.kde.StatusNotifierItem; member=NewIcon
signal time=1566698845.147227 sender=:1.2 -> destination=(null destination) serial=686 path=/StatusNotifierItem; interface=org.kde.StatusNotifierItem; member=NewToolTip
