signal time=1566699887.793482 sender=org.freedesktop.DBus -> destination=:1.169 serial=2 path=/org/freedesktop/DBus; interface=org.freedesktop.DBus; member=NameAcquired
   string ":1.169"
signal time=1566699887.793532 sender=org.freedesktop.DBus -> destination=:1.169 serial=4 path=/org/freedesktop/DBus; interface=org.freedesktop.DBus; member=NameLost
   string ":1.169"
signal time=1566699888.157973 sender=:1.2 -> destination=(null destination) serial=2091 path=/StatusNotifierItem; interface=org.kde.StatusNotifierItem; member=NewIcon
signal time=1566699888.158000 sender=:1.2 -> destination=(null destination) serial=2092 path=/StatusNotifierItem; interface=org.kde.StatusNotifierItem; member=NewToolTip
signal time=1566699888.158478 sender=:1.2 -> destination=(null destination) serial=2093 path=/StatusNotifierItem; interface=org.kde.StatusNotifierItem; member=NewIcon
signal time=1566699888.158493 sender=:1.2 -> destination=(null destination) serial=2094 path=/StatusNotifierItem; interface=org.kde.StatusNotifierItem; member=NewToolTip
signal time=1566699888.158497 sender=:1.2 -> destination=(null destination) serial=2095 path=/StatusNotifierItem; interface=org.kde.StatusNotifierItem; member=NewIcon
signal time=1566699888.158500 sender=:1.2 -> destination=(null destination) serial=2096 path=/StatusNotifierItem; interface=org.kde.StatusNotifierItem; member=NewToolTip
method call time=1566699889.295324 sender=:1.170 -> destination=org.freedesktop.DBus serial=1 path=/org/freedesktop/DBus; interface=org.freedesktop.DBus; member=Hello
method return time=1566699889.295343 sender=org.freedesktop.DBus -> destination=:1.170 serial=1 reply_serial=1
   string ":1.170"
signal time=1566699889.295351 sender=org.freedesktop.DBus -> destination=(null destination) serial=376 path=/org/freedesktop/DBus; interface=org.freedesktop.DBus; member=NameOwnerChanged
   string ":1.170"
   string ""
   string ":1.170"
signal time=1566699889.295362 sender=org.freedesktop.DBus -> destination=:1.170 serial=2 path=/org/freedesktop/DBus; interface=org.freedesktop.DBus; member=NameAcquired
   string ":1.170"
method call time=1566699889.295638 sender=:1.170 -> destination=org.freedesktop.DBus serial=2 path=/org/freedesktop/DBus; interface=org.freedesktop.DBus; member=AddMatch
   string "type='signal',sender='org.freedesktop.DBus',interface='org.freedesktop.DBus',member='NameOwnerChanged',path='/org/freedesktop/DBus',arg0='org.gtk.vfs.Daemon'"
method return time=1566699889.295655 sender=org.freedesktop.DBus -> destination=:1.170 serial=3 reply_serial=2
method call time=1566699889.295681 sender=:1.170 -> destination=org.freedesktop.DBus serial=3 path=/org/freedesktop/DBus; interface=org.freedesktop.DBus; member=StartServiceByName
   string "org.gtk.vfs.Daemon"
   uint32 0
method return time=1566699889.295693 sender=org.freedesktop.DBus -> destination=:1.170 serial=4 reply_serial=3
   uint32 2
method call time=1566699889.295806 sender=:1.170 -> destination=org.freedesktop.DBus serial=4 path=/org/freedesktop/DBus; interface=org.freedesktop.DBus; member=GetNameOwner
   string "org.gtk.vfs.Daemon"
method return time=1566699889.295817 sender=org.freedesktop.DBus -> destination=:1.170 serial=5 reply_serial=4
   string ":1.5"
method call time=1566699889.295937 sender=:1.170 -> destination=:1.5 serial=5 path=/org/gtk/vfs/mounttracker; interface=org.gtk.vfs.MountTracker; member=ListMountableInfo
method return time=1566699889.296232 sender=:1.5 -> destination=:1.170 serial=45 reply_serial=5
   array [
      struct {
         string "smb-share"
         string "smb"
         array [
         ]
         int32 0
         boolean false
      }
      struct {
         string "admin"
         string "admin"
         array [
         ]
         int32 0
         boolean false
      }
      struct {
         string "afp-server"
         string "afp"
         array [
         ]
         int32 548
         boolean true
      }
      struct {
         string "sftp"
         string "sftp"
         array [
            string "ssh"
         ]
         int32 22
         boolean true
      }
      struct {
         string "davs+sd"
         string "davs+sd"
         array [
         ]
         int32 0
         boolean false
      }
      struct {
         string "dav+sd"
         string "dav+sd"
         array [
         ]
         int32 0
         boolean false
      }
      struct {
         string "archive"
         string "archive"
         array [
         ]
         int32 0
         boolean false
      }
      struct {
         string "computer"
         string "computer"
         array [
         ]
         int32 0
         boolean false
      }
      struct {
         string "trash"
         string "trash"
         array [
         ]
         int32 0
         boolean false
      }
      struct {
         string "nfs"
         string "nfs"
         array [
         ]
         int32 0
         boolean false
      }
      struct {
         string "localtest"
         string "localtest"
         array [
         ]
         int32 0
         boolean false
      }
      struct {
         string "dns-sd"
         string "dns-sd"
         array [
         ]
         int32 0
         boolean false
      }
      struct {
         string "afc"
         string "afc"
         array [
         ]
         int32 1
         boolean false
      }
      struct {
         string "cdda"
         string "cdda"
         array [
         ]
         int32 0
         boolean false
      }
      struct {
         string "burn"
         string "burn"
         array [
         ]
         int32 0
         boolean false
      }
      struct {
         string "http"
         string "http"
         array [
         ]
         int32 0
         boolean false
      }
      struct {
         string "network"
         string "network"
         array [
         ]
         int32 0
         boolean false
      }
      struct {
         string "ftpis"
         string "ftpis"
         array [
         ]
         int32 990
         boolean true
      }
      struct {
         string "afp-volume"
         string "afp"
         array [
         ]
         int32 548
         boolean true
      }
      struct {
         string "davs"
         string "davs"
         array [
         ]
         int32 0
         boolean false
      }
      struct {
         string "dav"
         string "dav"
         array [
         ]
         int32 0
         boolean false
      }
      struct {
         string "gphoto2"
         string "gphoto2"
         array [
         ]
         int32 0
         boolean false
      }
      struct {
         string "recent"
         string "recent"
         array [
         ]
         int32 0
         boolean false
      }
      struct {
         string "ftps"
         string "ftps"
         array [
         ]
         int32 21
         boolean true
      }
      struct {
         string "ftp"
         string "ftp"
         array [
         ]
         int32 21
         boolean true
      }
      struct {
         string "google-drive"
         string "google-drive"
         array [
         ]
         int32 0
         boolean false
      }
      struct {
         string "smb-server"
         string "smb"
         array [
         ]
         int32 0
         boolean false
      }
      struct {
         string "smb-network"
         string "smb"
         array [
         ]
         int32 0
         boolean false
      }
      struct {
         string "mtp"
         string "mtp"
         array [
         ]
         int32 0
         boolean false
      }
   ]
method call time=1566699889.296709 sender=:1.170 -> destination=org.freedesktop.DBus serial=6 path=/org/freedesktop/DBus; interface=org.freedesktop.DBus; member=RemoveMatch
   string "type='signal',sender='org.freedesktop.DBus',interface='org.freedesktop.DBus',member='NameOwnerChanged',path='/org/freedesktop/DBus',arg0='org.gtk.vfs.Daemon'"
method return time=1566699889.296715 sender=org.freedesktop.DBus -> destination=:1.170 serial=6 reply_serial=6
method call time=1566699889.337412 sender=:1.170 -> destination=org.freedesktop.DBus serial=7 path=/org/freedesktop/DBus; interface=org.freedesktop.DBus; member=ListNames
method return time=1566699889.337433 sender=org.freedesktop.DBus -> destination=:1.170 serial=7 reply_serial=7
   array [
      string "org.freedesktop.DBus"
      string ":1.106"
      string ":1.7"
      string "org.freedesktop.Notifications"
      string "org.freedesktop.PowerManagement"
      string ":1.107"
      string ":1.8"
      string "org.freedesktop.network-manager-applet"
      string "org.kde.StatusNotifierItem-1228-1"
      string ":1.9"
      string "org.freedesktop.systemd1"
      string "org.fcitx.Fcitx"
      string "org.gtk.vfs.Daemon"
      string "org.pulseaudio.Server"
      string "org.kde.kdeconnect"
      string "org.kde.KScreen"
      string "org.kde.kdeconnect-indicator"
      string ":1.170"
      string "org.kde.konsole-9663"
      string "org.a11y.Bus"
      string ":1.20"
      string "org.kde.konsole-12430"
      string ":1.21"
      string "org.kde.klauncher5"
      string ":1.22"
      string "org.kde.konsole-7027"
      string ":1.23"
      string "org.freedesktop.PowerManagement.Inhibit"
      string "org.kde.Solid.PowerManagement"
      string ":1.25"
      string ":1.26"
      string "org.kde.org.kde.kdeconnect.daemon"
      string ":1.29"
      string ":1.138"
      string ":1.116"
      string ":1.139"
      string "local.org_kde_powerdevil"
      string "org.kde.kglobalaccel"
      string "org.PulseAudio1"
      string "org.fcitx.Fcitx-0"
      string ":1.71"
      string ":1.72"
      string "org.kde.ActivityManager"
      string ":1.32"
      string "org.freedesktop.portal.Fcitx"
      string ":1.12"
      string ":1.0"
      string ":1.13"
      string ":1.14"
      string ":1.2"
      string ":1.15"
      string ":1.168"
      string ":1.3"
      string ":1.16"
      string ":1.4"
      string ":1.17"
      string ":1.5"
      string ":1.18"
      string "org.kde.Solid.PowerManagement.PolicyAgent"
      string ":1.6"
      string ":1.19"
   ]
method call time=1566699889.337572 sender=:1.170 -> destination=org.freedesktop.DBus serial=8 path=/org/freedesktop/DBus; interface=org.freedesktop.DBus; member=AddMatch
   string "type='signal',interface='ca.desrt.dconf.Writer',path='/ca/desrt/dconf/Writer/user',arg0path='/org/appmenu/gtk-module/'"
method return time=1566699889.337580 sender=org.freedesktop.DBus -> destination=:1.170 serial=8 reply_serial=8
method call time=1566699889.337603 sender=:1.170 -> destination=org.freedesktop.DBus serial=9 path=/org/freedesktop/DBus; interface=org.freedesktop.DBus; member=RemoveMatch
   string "type='signal',interface='ca.desrt.dconf.Writer',path='/ca/desrt/dconf/Writer/user',arg0path='/org/appmenu/gtk-module/'"
method return time=1566699889.337611 sender=org.freedesktop.DBus -> destination=:1.170 serial=9 reply_serial=9
method call time=1566699889.337643 sender=:1.170 -> destination=org.freedesktop.DBus serial=10 path=/org/freedesktop/DBus; interface=org.freedesktop.DBus; member=AddMatch
   string "type='signal',interface='ca.desrt.dconf.Writer',path='/ca/desrt/dconf/Writer/user',arg0path='/org/appmenu/gtk-module/'"
method return time=1566699889.337652 sender=org.freedesktop.DBus -> destination=:1.170 serial=10 reply_serial=10
method call time=1566699889.337788 sender=:1.170 -> destination=org.freedesktop.DBus serial=11 path=/org/freedesktop/DBus; interface=org.freedesktop.DBus; member=RemoveMatch
   string "type='signal',interface='ca.desrt.dconf.Writer',path='/ca/desrt/dconf/Writer/user',arg0path='/org/appmenu/gtk-module/'"
method return time=1566699889.337803 sender=org.freedesktop.DBus -> destination=:1.170 serial=11 reply_serial=11
method call time=1566699889.528462 sender=:1.171 -> destination=org.freedesktop.DBus serial=1 path=/org/freedesktop/DBus; interface=org.freedesktop.DBus; member=Hello
method return time=1566699889.528485 sender=org.freedesktop.DBus -> destination=:1.171 serial=1 reply_serial=1
   string ":1.171"
signal time=1566699889.528494 sender=org.freedesktop.DBus -> destination=(null destination) serial=377 path=/org/freedesktop/DBus; interface=org.freedesktop.DBus; member=NameOwnerChanged
   string ":1.171"
   string ""
   string ":1.171"
signal time=1566699889.528518 sender=org.freedesktop.DBus -> destination=:1.171 serial=2 path=/org/freedesktop/DBus; interface=org.freedesktop.DBus; member=NameAcquired
   string ":1.171"
method call time=1566699889.528648 sender=:1.171 -> destination=org.freedesktop.DBus serial=2 path=/org/freedesktop/DBus; interface=org.freedesktop.DBus; member=AddMatch
   string "type='signal', path='/org/freedesktop/DBus/Local',interface='org.freedesktop.DBus.Local', member='Disconnected'"
method return time=1566699889.528660 sender=org.freedesktop.DBus -> destination=:1.171 serial=3 reply_serial=2
method call time=1566699889.528760 sender=:1.171 -> destination=org.freedesktop.DBus serial=3 path=/org/freedesktop/DBus; interface=org.freedesktop.DBus; member=ListNames
method return time=1566699889.528775 sender=org.freedesktop.DBus -> destination=:1.171 serial=4 reply_serial=3
   array [
      string "org.freedesktop.DBus"
      string ":1.106"
      string ":1.7"
      string "org.freedesktop.Notifications"
      string "org.freedesktop.PowerManagement"
      string ":1.107"
      string ":1.8"
      string "org.freedesktop.network-manager-applet"
      string "org.kde.StatusNotifierItem-1228-1"
      string ":1.9"
      string "org.freedesktop.systemd1"
      string "org.fcitx.Fcitx"
      string "org.gtk.vfs.Daemon"
      string "org.pulseaudio.Server"
      string "org.kde.kdeconnect"
      string "org.kde.KScreen"
      string "org.kde.kdeconnect-indicator"
      string ":1.170"
      string ":1.171"
      string "org.kde.konsole-9663"
      string "org.a11y.Bus"
      string ":1.20"
      string "org.kde.konsole-12430"
      string ":1.21"
      string "org.kde.klauncher5"
      string ":1.22"
      string "org.kde.konsole-7027"
      string ":1.23"
      string "org.freedesktop.PowerManagement.Inhibit"
      string "org.kde.Solid.PowerManagement"
      string ":1.25"
      string ":1.26"
      string "org.kde.org.kde.kdeconnect.daemon"
      string ":1.29"
      string ":1.138"
      string ":1.116"
      string ":1.139"
      string "local.org_kde_powerdevil"
      string "org.kde.kglobalaccel"
      string "org.PulseAudio1"
      string "org.fcitx.Fcitx-0"
      string ":1.71"
      string ":1.72"
      string "org.kde.ActivityManager"
      string ":1.32"
      string "org.freedesktop.portal.Fcitx"
      string ":1.12"
      string ":1.0"
      string ":1.13"
      string ":1.14"
      string ":1.2"
      string ":1.15"
      string ":1.168"
      string ":1.3"
      string ":1.16"
      string ":1.4"
      string ":1.17"
      string ":1.5"
      string ":1.18"
      string "org.kde.Solid.PowerManagement.PolicyAgent"
      string ":1.6"
      string ":1.19"
   ]
method call time=1566699889.528976 sender=:1.171 -> destination=org.freedesktop.DBus serial=4 path=/org/freedesktop/DBus; interface=org.freedesktop.DBus; member=RemoveMatch
   string "type='signal', path='/org/freedesktop/DBus/Local',interface='org.freedesktop.DBus.Local', member='Disconnected'"
method return time=1566699889.528986 sender=org.freedesktop.DBus -> destination=:1.171 serial=5 reply_serial=4
signal time=1566699889.529106 sender=org.freedesktop.DBus -> destination=:1.171 serial=5 path=/org/freedesktop/DBus; interface=org.freedesktop.DBus; member=NameLost
   string ":1.171"
signal time=1566699889.529119 sender=org.freedesktop.DBus -> destination=(null destination) serial=378 path=/org/freedesktop/DBus; interface=org.freedesktop.DBus; member=NameOwnerChanged
   string ":1.171"
   string ":1.171"
   string ""
method call time=1566699889.545568 sender=:1.170 -> destination=org.freedesktop.DBus serial=12 path=/org/freedesktop/DBus; interface=org.freedesktop.DBus; member=AddMatch
   string "type='signal',sender='org.freedesktop.DBus',interface='org.freedesktop.DBus',member='NameOwnerChanged',path='/org/freedesktop/DBus',arg0='com.canonical.AppMenu.Registrar'"
method return time=1566699889.545595 sender=org.freedesktop.DBus -> destination=:1.170 serial=12 reply_serial=12
method call time=1566699889.546050 sender=:1.170 -> destination=org.freedesktop.DBus serial=13 path=/org/freedesktop/DBus; interface=org.freedesktop.DBus; member=GetNameOwner
   string "com.canonical.AppMenu.Registrar"
error time=1566699889.546082 sender=org.freedesktop.DBus -> destination=:1.170 error_name=org.freedesktop.DBus.Error.NameHasNoOwner reply_serial=13
   string "Could not get owner of name 'com.canonical.AppMenu.Registrar': no such name"
method call time=1566699889.546689 sender=:1.170 -> destination=org.freedesktop.DBus serial=14 path=/org/freedesktop/DBus; interface=org.freedesktop.DBus; member=AddMatch
   string "type='signal',interface='ca.desrt.dconf.Writer',path='/ca/desrt/dconf/Writer/user',arg0path='/org/appmenu/gtk-module/'"
method return time=1566699889.546709 sender=org.freedesktop.DBus -> destination=:1.170 serial=14 reply_serial=14
method call time=1566699889.550557 sender=:1.170 -> destination=org.freedesktop.DBus serial=15 path=/org/freedesktop/DBus; interface=org.freedesktop.DBus; member=RemoveMatch
   string "type='signal',interface='ca.desrt.dconf.Writer',path='/ca/desrt/dconf/Writer/user',arg0path='/org/appmenu/gtk-module/'"
method return time=1566699889.550582 sender=org.freedesktop.DBus -> destination=:1.170 serial=15 reply_serial=15
method call time=1566699889.556421 sender=:1.172 -> destination=org.freedesktop.DBus serial=1 path=/org/freedesktop/DBus; interface=org.freedesktop.DBus; member=Hello
method return time=1566699889.556445 sender=org.freedesktop.DBus -> destination=:1.172 serial=1 reply_serial=1
   string ":1.172"
signal time=1566699889.556456 sender=org.freedesktop.DBus -> destination=(null destination) serial=379 path=/org/freedesktop/DBus; interface=org.freedesktop.DBus; member=NameOwnerChanged
   string ":1.172"
   string ""
   string ":1.172"
signal time=1566699889.556469 sender=org.freedesktop.DBus -> destination=:1.172 serial=2 path=/org/freedesktop/DBus; interface=org.freedesktop.DBus; member=NameAcquired
   string ":1.172"
method call time=1566699889.557015 sender=:1.172 -> destination=org.freedesktop.DBus serial=2 path=/org/freedesktop/DBus; interface=org.freedesktop.DBus; member=RequestName
   string "org.mpris.MediaPlayer2.nodejs"
   uint32 4
signal time=1566699889.557037 sender=org.freedesktop.DBus -> destination=(null destination) serial=380 path=/org/freedesktop/DBus; interface=org.freedesktop.DBus; member=NameOwnerChanged
   string "org.mpris.MediaPlayer2.nodejs"
   string ""
   string ":1.172"
signal time=1566699889.557050 sender=org.freedesktop.DBus -> destination=:1.172 serial=3 path=/org/freedesktop/DBus; interface=org.freedesktop.DBus; member=NameAcquired
   string "org.mpris.MediaPlayer2.nodejs"
method return time=1566699889.557057 sender=org.freedesktop.DBus -> destination=:1.172 serial=4 reply_serial=2
   uint32 1
method call time=1566699889.557341 sender=:1.116 -> destination=org.freedesktop.DBus serial=149 path=/org/freedesktop/DBus; interface=org.freedesktop.DBus; member=GetNameOwner
   string "org.mpris.MediaPlayer2.nodejs"
method return time=1566699889.557356 sender=org.freedesktop.DBus -> destination=:1.116 serial=82 reply_serial=149
   string ":1.172"
method call time=1566699889.557364 sender=:1.20 -> destination=org.freedesktop.DBus serial=918 path=/org/freedesktop/DBus; interface=org.freedesktop.DBus; member=AddMatch
   string "type='signal',sender='org.freedesktop.DBus',interface='org.freedesktop.DBus',member='NameOwnerChanged',arg0='org.mpris.MediaPlayer2.nodejs'"
method call time=1566699889.557371 sender=:1.20 -> destination=org.freedesktop.DBus serial=919 path=/org/freedesktop/DBus; interface=org.freedesktop.DBus; member=GetNameOwner
   string "org.mpris.MediaPlayer2.nodejs"
method return time=1566699889.557379 sender=org.freedesktop.DBus -> destination=:1.20 serial=152 reply_serial=919
   string ":1.172"
method call time=1566699889.557713 sender=:1.116 -> destination=:1.172 serial=150 path=/org/mpris/MediaPlayer2; interface=org.freedesktop.DBus.Introspectable; member=Introspect
method call time=1566699889.557732 sender=:1.20 -> destination=org.mpris.MediaPlayer2.nodejs serial=920 path=/org/mpris/MediaPlayer2; interface=org.freedesktop.DBus.Properties; member=Get
   string "org.mpris.MediaPlayer2"
   string "Identity"
method return time=1566699889.572457 sender=:1.172 -> destination=:1.116 serial=3 reply_serial=150
   string "<!DOCTYPE node PUBLIC "-//freedesktop//DTD D-BUS Object Introspection 1.0//EN" "http://www.freedesktop.org/standards/dbus/1.0/introspect.dtd">
<node/>"
method call time=1566699889.572503 sender=:1.116 -> destination=:1.172 serial=151 path=/org/mpris/MediaPlayer2; interface=org.freedesktop.DBus.Properties; member=Get
   string "org.mpris.MediaPlayer2.Player"
   string "PlaybackStatus"
error time=1566699889.574171 sender=:1.172 -> destination=:1.20 error_name=org.freedesktop.DBus.Error.InvalidArgs reply_serial=920
   string "No such interface: 'org.mpris.MediaPlayer2'"
method call time=1566699889.574619 sender=:1.20 -> destination=org.freedesktop.DBus serial=921 path=/org/freedesktop/DBus; interface=org.freedesktop.DBus; member=GetNameOwner
   string "org.mpris.MediaPlayer2.nodejs"
method return time=1566699889.574680 sender=org.freedesktop.DBus -> destination=:1.20 serial=153 reply_serial=921
   string ":1.172"
method call time=1566699889.575432 sender=:1.20 -> destination=org.freedesktop.DBus serial=922 path=/org/freedesktop/DBus; interface=org.freedesktop.DBus; member=GetNameOwner
   string "org.mpris.MediaPlayer2.nodejs"
method return time=1566699889.575487 sender=org.freedesktop.DBus -> destination=:1.20 serial=154 reply_serial=922
   string ":1.172"
method call time=1566699889.575522 sender=:1.20 -> destination=org.freedesktop.DBus serial=923 path=/org/freedesktop/DBus; interface=org.freedesktop.DBus; member=AddMatch
   string "type='signal',sender='org.mpris.MediaPlayer2.nodejs',path='/org/mpris/MediaPlayer2',interface='org.freedesktop.DBus.Properties',member='PropertiesChanged'"
method call time=1566699889.575568 sender=:1.20 -> destination=org.freedesktop.DBus serial=924 path=/org/freedesktop/DBus; interface=org.freedesktop.DBus; member=AddMatch
   string "type='signal',sender='org.freedesktop.DBus',interface='org.freedesktop.DBus',member='NameOwnerChanged',arg0='org.mpris.MediaPlayer2.nodejs'"
method call time=1566699889.576234 sender=:1.20 -> destination=org.freedesktop.DBus serial=925 path=/org/freedesktop/DBus; interface=org.freedesktop.DBus; member=GetNameOwner
   string "org.mpris.MediaPlayer2.nodejs"
method return time=1566699889.576258 sender=org.freedesktop.DBus -> destination=:1.20 serial=155 reply_serial=925
   string ":1.172"
method call time=1566699889.576281 sender=:1.20 -> destination=org.freedesktop.DBus serial=926 path=/org/freedesktop/DBus; interface=org.freedesktop.DBus; member=AddMatch
   string "type='signal',sender='org.mpris.MediaPlayer2.nodejs',path='/org/mpris/MediaPlayer2',interface='org.mpris.MediaPlayer2.Player',member='Seeked'"
method return time=1566699889.582368 sender=:1.172 -> destination=:1.116 serial=5 reply_serial=151
   variant       string "Stopped"
method call time=1566699889.582853 sender=:1.116 -> destination=:1.172 serial=152 path=/org/mpris/MediaPlayer2; interface=org.freedesktop.DBus.Properties; member=Get
   string "org.mpris.MediaPlayer2.Player"
   string "Metadata"
method return time=1566699889.590167 sender=:1.172 -> destination=:1.116 serial=6 reply_serial=152
   variant       array [
      ]
method call time=1566699889.590850 sender=:1.116 -> destination=:1.172 serial=153 path=/org/mpris/MediaPlayer2; interface=org.freedesktop.DBus.Introspectable; member=Introspect
   string "org.mpris.MediaPlayer2.nodejs"
   string "/"
error time=1566699889.592723 sender=:1.172 -> destination=:1.116 error_name=org.freedesktop.DBus.Error.UnknownMethod reply_serial=153
   string "Method 'Introspect' on interface 'org.freedesktop.DBus.Introspectable' does not exist"
method call time=1566699889.630886 sender=:1.20 -> destination=org.mpris.MediaPlayer2.nodejs serial=927 path=/org/mpris/MediaPlayer2; interface=org.freedesktop.DBus.Properties; member=Get
   string "org.mpris.MediaPlayer2.Player"
   string "Metadata"
method return time=1566699889.641807 sender=:1.172 -> destination=:1.20 serial=8 reply_serial=927
   variant       array [
      ]
method call time=1566699889.642077 sender=:1.20 -> destination=org.mpris.MediaPlayer2.nodejs serial=928 path=/org/mpris/MediaPlayer2; interface=org.freedesktop.DBus.Properties; member=Get
   string "org.mpris.MediaPlayer2.Player"
   string "Position"
method return time=1566699889.644059 sender=:1.172 -> destination=:1.20 serial=9 reply_serial=928
   variant       int64 0
method call time=1566699889.644270 sender=:1.20 -> destination=org.mpris.MediaPlayer2.nodejs serial=929 path=/org/mpris/MediaPlayer2; interface=org.freedesktop.DBus.Properties; member=Get
   string "org.mpris.MediaPlayer2.Player"
   string "PlaybackStatus"
method return time=1566699889.645115 sender=:1.172 -> destination=:1.20 serial=10 reply_serial=929
   variant       string "Stopped"
method call time=1566699889.645308 sender=:1.20 -> destination=org.mpris.MediaPlayer2.nodejs serial=930 path=/org/mpris/MediaPlayer2; interface=org.freedesktop.DBus.Properties; member=Get
   string "org.mpris.MediaPlayer2.Player"
   string "CanPause"
method return time=1566699889.646210 sender=:1.172 -> destination=:1.20 serial=11 reply_serial=930
   variant       boolean true
method call time=1566699889.646424 sender=:1.20 -> destination=org.mpris.MediaPlayer2.nodejs serial=931 path=/org/mpris/MediaPlayer2; interface=org.freedesktop.DBus.Properties; member=Get
   string "org.mpris.MediaPlayer2.Player"
   string "CanPlay"
method return time=1566699889.647502 sender=:1.172 -> destination=:1.20 serial=12 reply_serial=931
   variant       boolean true
method call time=1566699889.647524 sender=:1.20 -> destination=org.mpris.MediaPlayer2.nodejs serial=932 path=/org/mpris/MediaPlayer2; interface=org.freedesktop.DBus.Properties; member=Get
   string "org.mpris.MediaPlayer2.Player"
   string "CanGoNext"
method return time=1566699889.652772 sender=:1.172 -> destination=:1.20 serial=13 reply_serial=932
   variant       boolean true
signal time=1566699889.653024 sender=:1.2 -> destination=(null destination) serial=2097 path=/StatusNotifierItem; interface=org.kde.StatusNotifierItem; member=NewIcon
signal time=1566699889.653074 sender=:1.2 -> destination=(null destination) serial=2098 path=/StatusNotifierItem; interface=org.kde.StatusNotifierItem; member=NewToolTip
method call time=1566699889.653876 sender=:1.20 -> destination=org.mpris.MediaPlayer2.nodejs serial=933 path=/org/mpris/MediaPlayer2; interface=org.freedesktop.DBus.Properties; member=Get
   string "org.mpris.MediaPlayer2.Player"
   string "CanGoPrevious"
method return time=1566699889.656595 sender=:1.172 -> destination=:1.20 serial=14 reply_serial=933
   variant       boolean true
method call time=1566699889.657060 sender=:1.20 -> destination=org.mpris.MediaPlayer2.nodejs serial=934 path=/org/mpris/MediaPlayer2; interface=org.freedesktop.DBus.Properties; member=Get
   string "org.mpris.MediaPlayer2.Player"
   string "CanSeek"
method return time=1566699889.659536 sender=:1.172 -> destination=:1.20 serial=15 reply_serial=934
   variant       boolean true
method call time=1566699889.659572 sender=:1.20 -> destination=org.mpris.MediaPlayer2.nodejs serial=935 path=/org/mpris/MediaPlayer2; interface=org.freedesktop.DBus.Properties; member=Get
   string "org.mpris.MediaPlayer2.Player"
   string "Volume"
method return time=1566699889.661154 sender=:1.172 -> destination=:1.20 serial=16 reply_serial=935
   variant       double 0
signal time=1566699890.460737 sender=:1.172 -> destination=(null destination) serial=17 path=/org/mpris/MediaPlayer2; interface=org.freedesktop.DBus.Properties; member=PropertiesChanged
   string "org.mpris.MediaPlayer2.Player"
   array [
      dict entry(
         string "Metadata"
         variant             array [
               dict entry(
                  string "mpris:trackid"
                  variant                      object path "/org/node/mediaplayer/nodejs/track/0"
               )
               dict entry(
                  string "mpris:length"
                  variant                      int64 60000000
               )
               dict entry(
                  string "mpris:artUrl"
                  variant                      string "http://www.adele.tv/images/facebook/adele.jpg"
               )
               dict entry(
                  string "xesam:title"
                  variant                      string "Love Story"
               )
               dict entry(
                  string "xesam:album"
                  variant                      string "Secret"
               )
               dict entry(
                  string "xesam:artist"
                  variant                      array [
                        string "Taylor Swift"
                     ]
               )
            ]
      )
   ]
   array [
   ]
method call time=1566699890.461266 sender=:1.20 -> destination=org.mpris.MediaPlayer2.nodejs serial=936 path=/org/mpris/MediaPlayer2; interface=org.freedesktop.DBus.Properties; member=Get
   string "org.mpris.MediaPlayer2.Player"
   string "CanSeek"
signal time=1566699890.462607 sender=:1.172 -> destination=(null destination) serial=18 path=/org/mpris/MediaPlayer2; interface=org.freedesktop.DBus.Properties; member=PropertiesChanged
   string "org.mpris.MediaPlayer2.Player"
   array [
      dict entry(
         string "PlaybackStatus"
         variant             string "Playing"
      )
   ]
   array [
   ]
method return time=1566699890.470736 sender=:1.172 -> destination=:1.20 serial=19 reply_serial=936
   variant       boolean true
method call time=1566699890.471206 sender=:1.20 -> destination=org.mpris.MediaPlayer2.nodejs serial=937 path=/org/mpris/MediaPlayer2; interface=org.freedesktop.DBus.Properties; member=Get
   string "org.mpris.MediaPlayer2.Player"
   string "Position"
method return time=1566699890.473121 sender=:1.172 -> destination=:1.20 serial=20 reply_serial=937
   variant       int64 0
method call time=1566699890.473815 sender=:1.20 -> destination=org.mpris.MediaPlayer2.nodejs serial=938 path=/org/mpris/MediaPlayer2; interface=org.freedesktop.DBus.Properties; member=Get
   string "org.mpris.MediaPlayer2.Player"
   string "CanSeek"
method return time=1566699890.475017 sender=:1.172 -> destination=:1.20 serial=21 reply_serial=938
   variant       boolean true
method call time=1566699890.475400 sender=:1.20 -> destination=org.mpris.MediaPlayer2.nodejs serial=939 path=/org/mpris/MediaPlayer2; interface=org.freedesktop.DBus.Properties; member=Get
   string "org.mpris.MediaPlayer2.Player"
   string "Position"
method return time=1566699890.476599 sender=:1.172 -> destination=:1.20 serial=22 reply_serial=939
   variant       int64 0
signal time=1566699894.224110 sender=:1.2 -> destination=(null destination) serial=2099 path=/StatusNotifierItem; interface=org.kde.StatusNotifierItem; member=NewIcon
signal time=1566699894.224143 sender=:1.2 -> destination=(null destination) serial=2100 path=/StatusNotifierItem; interface=org.kde.StatusNotifierItem; member=NewToolTip
signal time=1566699894.224401 sender=:1.2 -> destination=(null destination) serial=2101 path=/StatusNotifierItem; interface=org.kde.StatusNotifierItem; member=NewIcon
signal time=1566699894.224413 sender=:1.2 -> destination=(null destination) serial=2102 path=/StatusNotifierItem; interface=org.kde.StatusNotifierItem; member=NewToolTip
signal time=1566699894.224419 sender=:1.2 -> destination=(null destination) serial=2103 path=/StatusNotifierItem; interface=org.kde.StatusNotifierItem; member=NewIcon
signal time=1566699894.224425 sender=:1.2 -> destination=(null destination) serial=2104 path=/StatusNotifierItem; interface=org.kde.StatusNotifierItem; member=NewToolTip
signal time=1566699894.233699 sender=org.freedesktop.DBus -> destination=:1.172 serial=6 path=/org/freedesktop/DBus; interface=org.freedesktop.DBus; member=NameLost
   string "org.mpris.MediaPlayer2.nodejs"
signal time=1566699894.233724 sender=org.freedesktop.DBus -> destination=(null destination) serial=381 path=/org/freedesktop/DBus; interface=org.freedesktop.DBus; member=NameOwnerChanged
   string "org.mpris.MediaPlayer2.nodejs"
   string ":1.172"
   string ""
signal time=1566699894.233751 sender=org.freedesktop.DBus -> destination=:1.172 serial=7 path=/org/freedesktop/DBus; interface=org.freedesktop.DBus; member=NameLost
   string ":1.172"
signal time=1566699894.233759 sender=org.freedesktop.DBus -> destination=(null destination) serial=382 path=/org/freedesktop/DBus; interface=org.freedesktop.DBus; member=NameOwnerChanged
   string ":1.172"
   string ":1.172"
   string ""
method call time=1566699894.233773 sender=:1.20 -> destination=org.freedesktop.DBus serial=940 path=/org/freedesktop/DBus; interface=org.freedesktop.DBus; member=RemoveMatch
   string "type='signal',sender='org.mpris.MediaPlayer2.nodejs',path='/org/mpris/MediaPlayer2',interface='org.mpris.MediaPlayer2.Player',member='Seeked'"
method call time=1566699894.233780 sender=:1.20 -> destination=org.freedesktop.DBus serial=941 path=/org/freedesktop/DBus; interface=org.freedesktop.DBus; member=RemoveMatch
   string "type='signal',sender='org.mpris.MediaPlayer2.nodejs',path='/org/mpris/MediaPlayer2',interface='org.freedesktop.DBus.Properties',member='PropertiesChanged'"
method call time=1566699894.233787 sender=:1.20 -> destination=org.freedesktop.DBus serial=942 path=/org/freedesktop/DBus; interface=org.freedesktop.DBus; member=RemoveMatch
   string "type='signal',sender='org.freedesktop.DBus',interface='org.freedesktop.DBus',member='NameOwnerChanged',arg0='org.mpris.MediaPlayer2.nodejs'"
method call time=1566699894.233794 sender=:1.20 -> destination=org.freedesktop.DBus serial=943 path=/org/freedesktop/DBus; interface=org.freedesktop.DBus; member=RemoveMatch
   string "type='signal',sender='org.freedesktop.DBus',interface='org.freedesktop.DBus',member='NameOwnerChanged',arg0='org.mpris.MediaPlayer2.nodejs'"
signal time=1566699894.243035 sender=org.freedesktop.DBus -> destination=:1.170 serial=8 path=/org/freedesktop/DBus; interface=org.freedesktop.DBus; member=NameLost
   string ":1.170"
signal time=1566699894.243058 sender=org.freedesktop.DBus -> destination=(null destination) serial=383 path=/org/freedesktop/DBus; interface=org.freedesktop.DBus; member=NameOwnerChanged
   string ":1.170"
   string ":1.170"
   string ""
signal time=1566699895.296753 sender=:1.2 -> destination=(null destination) serial=2105 path=/StatusNotifierItem; interface=org.kde.StatusNotifierItem; member=NewIcon
signal time=1566699895.296817 sender=:1.2 -> destination=(null destination) serial=2106 path=/StatusNotifierItem; interface=org.kde.StatusNotifierItem; member=NewToolTip
signal time=1566699895.297442 sender=:1.2 -> destination=(null destination) serial=2107 path=/StatusNotifierItem; interface=org.kde.StatusNotifierItem; member=NewIcon
signal time=1566699895.297459 sender=:1.2 -> destination=(null destination) serial=2108 path=/StatusNotifierItem; interface=org.kde.StatusNotifierItem; member=NewToolTip
signal time=1566699895.297465 sender=:1.2 -> destination=(null destination) serial=2109 path=/StatusNotifierItem; interface=org.kde.StatusNotifierItem; member=NewIcon
signal time=1566699895.297470 sender=:1.2 -> destination=(null destination) serial=2110 path=/StatusNotifierItem; interface=org.kde.StatusNotifierItem; member=NewToolTip
